2023-12-20 22:49:17 INFO  GetRequestApi:23 - Get Request is sent
2023-12-20 22:49:20 INFO  GetRequestApi:28 - Get request is complete
2023-12-20 22:49:20 INFO  Utility:26 - Passed
2023-12-20 22:49:20 INFO  Utility:26 - Passed
2023-12-20 22:49:30 INFO  GetRequestApi:23 - Get Request is sent
2023-12-20 22:49:32 INFO  GetRequestApi:28 - Get request is complete
2023-12-20 22:49:32 INFO  Utility:26 - Passed
2023-12-20 22:49:32 INFO  Utility:26 - Passed
2023-12-20 22:55:10 INFO  GetRequestApi:23 - Get Request is sent
2023-12-20 22:55:12 INFO  GetRequestApi:28 - Get request is complete
2023-12-20 22:55:12 INFO  Utility:26 - Passed
2023-12-20 22:55:12 INFO  Utility:26 - Passed
2023-12-21 08:36:16 INFO  GetRequestApi:23 - Get Request is sent
2023-12-21 08:36:18 INFO  GetRequestApi:28 - Get request is complete
2023-12-21 08:36:18 INFO  Utility:26 - Passed
2023-12-21 08:36:18 INFO  Utility:26 - Passed
2023-12-21 08:46:12 INFO  GetRequestApi:23 - Get Request is sent
2023-12-21 08:46:14 INFO  GetRequestApi:28 - Get request is complete
2023-12-21 08:46:15 INFO  Utility:26 - Passed
2023-12-21 08:46:15 INFO  Utility:26 - Passed
2023-12-21 09:11:31 INFO  GetRequestApi:23 - Get Request is sent
2023-12-21 09:11:36 INFO  GetRequestApi:28 - Get request is complete
2023-12-21 09:11:49 INFO  Utility:26 - Passed
2023-12-21 09:11:49 INFO  Utility:26 - Passed
2023-12-21 16:58:11 INFO  GetRequestApi:23 - Get Request is sent
2023-12-21 16:58:13 INFO  GetRequestApi:28 - Get request is complete
2023-12-21 16:58:13 INFO  Utility:26 - Passed
2023-12-21 16:58:13 INFO  Utility:26 - Passed
2023-12-21 17:16:35 INFO  GetRequestApi:23 - Get Request is sent
2023-12-21 17:16:37 INFO  GetRequestApi:28 - Get request is complete
2023-12-21 17:16:38 INFO  Utility:26 - Passed
2023-12-21 17:16:38 INFO  Utility:26 - Passed
2023-12-21 17:20:56 INFO  GetRequestApi:23 - Get Request is sent
2023-12-21 17:20:59 INFO  GetRequestApi:28 - Get request is complete
2023-12-21 17:20:59 INFO  Utility:26 - Passed
2023-12-21 17:20:59 INFO  Utility:26 - Passed
2023-12-21 21:03:42 INFO  GetRequestApi:23 - Get Request is sent
2023-12-21 21:03:45 INFO  GetRequestApi:28 - Get request is complete
2023-12-21 21:03:45 INFO  Utility:26 - Passed
2023-12-21 21:03:45 INFO  Utility:26 - Passed
2023-12-21 21:12:25 INFO  GetRequestApi:23 - Get Request is sent
2023-12-21 21:12:27 INFO  GetRequestApi:28 - Get request is complete
2023-12-21 21:12:27 INFO  Utility:26 - Passed
2023-12-21 21:12:27 INFO  Utility:26 - Passed
2023-12-21 21:42:16 INFO  PostRequestApi:27 - Post Request is sent
2023-12-21 21:42:19 INFO  PostRequestApi:32 - Post request is complete
2023-12-21 21:45:55 INFO  PostRequestApi:27 - Post Request is sent
2023-12-21 21:45:58 INFO  PostRequestApi:32 - Post request is complete
2023-12-21 21:45:59 INFO  PostRequestApi:36 - =======the status code is 201==========
2023-12-21 21:46:43 INFO  PostRequestApi:27 - Post Request is sent
2023-12-21 21:46:46 INFO  PostRequestApi:32 - Post request is complete
2023-12-21 21:46:47 INFO  PostRequestApi:37 - =======the status code is 201==========
2023-12-21 22:40:39 INFO  GetRequestApi:23 - Get Request is sent
2023-12-21 22:42:46 INFO  GetRequestApi:23 - Get Request is sent
2023-12-21 22:43:52 INFO  GetRequestApi:23 - Get Request is sent
2023-12-21 22:45:22 INFO  GetRequestApi:23 - Get Request is sent
2023-12-21 22:45:24 INFO  GetRequestApi:28 - Get request is complete
2023-12-21 22:45:25 INFO  Utility:26 - Passed
2023-12-21 22:45:25 INFO  PostRequestApi:27 - Post Request is sent
2023-12-21 22:45:25 INFO  PostRequestApi:32 - Post request is complete
2023-12-21 22:45:26 INFO  PostRequestApi:36 - =======the status code is 400==========
2023-12-21 22:45:26 INFO  Utility:28 - Failed
2023-12-21 22:45:26 INFO  Utility:29 - Expected: 201
2023-12-21 22:45:26 INFO  Utility:30 - Actual  : 200
2023-12-21 22:46:01 INFO  GetRequestApi:23 - Get Request is sent
2023-12-21 22:46:03 INFO  GetRequestApi:28 - Get request is complete
2023-12-21 22:46:04 INFO  Utility:26 - Passed
2023-12-21 22:46:04 INFO  PostRequestApi:27 - Post Request is sent
2023-12-21 22:46:04 INFO  PostRequestApi:32 - Post request is complete
2023-12-21 22:46:05 INFO  PostRequestApi:36 - =======the status code is 400==========
2023-12-21 22:46:05 INFO  Utility:28 - Failed
2023-12-21 22:46:05 INFO  Utility:29 - Expected: 201
2023-12-21 22:46:05 INFO  Utility:30 - Actual  : 200
2023-12-21 22:57:05 INFO  GetRequestApi:23 - Get Request is sent
2023-12-21 22:57:07 INFO  GetRequestApi:28 - Get request is complete
2023-12-21 22:57:08 INFO  Utility:26 - Passed
2023-12-21 22:57:08 INFO  PostRequestApi:27 - Post Request is sent
2023-12-21 22:57:08 INFO  PostRequestApi:32 - Post request is complete
2023-12-21 22:57:09 INFO  PostRequestApi:36 - =======the status code is 400==========
2023-12-21 22:57:09 INFO  GetRequestApi:23 - Get Request is sent
2023-12-21 22:57:09 INFO  GetRequestApi:28 - Get request is complete
2023-12-21 22:57:09 INFO  Utility:26 - Passed
2023-12-21 22:57:09 INFO  Utility:26 - Passed
2023-12-21 23:00:55 INFO  GetRequestApi:23 - Get Request is sent
2023-12-21 23:00:57 INFO  GetRequestApi:28 - Get request is complete
2023-12-21 23:00:58 INFO  Utility:26 - Passed
2023-12-21 23:00:58 INFO  PostRequestApi:27 - Post Request is sent
2023-12-21 23:00:58 INFO  PostRequestApi:32 - Post request is complete
2023-12-21 23:00:59 INFO  PostRequestApi:36 - =======the status code is 400==========
2023-12-21 23:00:59 INFO  GetRequestApi:23 - Get Request is sent
2023-12-21 23:00:59 INFO  GetRequestApi:28 - Get request is complete
2023-12-21 23:00:59 INFO  Utility:26 - Passed
2023-12-21 23:02:40 INFO  GetRequestApi:23 - Get Request is sent
2023-12-21 23:02:43 INFO  GetRequestApi:28 - Get request is complete
2023-12-21 23:02:43 INFO  Utility:26 - Passed
2023-12-21 23:02:43 INFO  PostRequestApi:27 - Post Request is sent
2023-12-21 23:02:43 INFO  PostRequestApi:32 - Post request is complete
2023-12-21 23:02:44 INFO  PostRequestApi:36 - =======the status code is 400==========
2023-12-21 23:02:44 INFO  GetRequestApi:23 - Get Request is sent
2023-12-21 23:02:44 INFO  GetRequestApi:28 - Get request is complete
2023-12-21 23:02:45 INFO  Utility:26 - Passed
2023-12-21 23:02:45 INFO  Utility:26 - Passed
2023-12-21 23:03:49 INFO  GetRequestApi:23 - Get Request is sent
2023-12-21 23:03:51 INFO  GetRequestApi:28 - Get request is complete
2023-12-21 23:03:51 INFO  Utility:26 - Passed
2023-12-21 23:03:51 INFO  PostRequestApi:27 - Post Request is sent
2023-12-21 23:03:51 INFO  PostRequestApi:32 - Post request is complete
2023-12-21 23:03:52 INFO  PostRequestApi:36 - =======the status code is 400==========
2023-12-21 23:03:52 INFO  GetRequestApi:23 - Get Request is sent
2023-12-21 23:03:53 INFO  GetRequestApi:28 - Get request is complete
2023-12-21 23:03:53 INFO  Utility:26 - Passed
2023-12-21 23:04:38 INFO  GetRequestApi:23 - Get Request is sent
2023-12-21 23:04:40 INFO  GetRequestApi:28 - Get request is complete
2023-12-21 23:04:40 INFO  Utility:26 - Passed
2023-12-21 23:04:40 INFO  PostRequestApi:27 - Post Request is sent
2023-12-21 23:04:40 INFO  PostRequestApi:32 - Post request is complete
2023-12-21 23:04:41 INFO  PostRequestApi:36 - =======the status code is 400==========
2023-12-21 23:04:41 INFO  GetRequestApi:23 - Get Request is sent
2023-12-21 23:04:41 INFO  GetRequestApi:28 - Get request is complete
2023-12-21 23:04:42 INFO  Utility:26 - Passed
2023-12-21 23:04:42 INFO  Utility:26 - Passed
2023-12-21 23:05:12 INFO  GetRequestApi:23 - Get Request is sent
2023-12-21 23:05:14 INFO  GetRequestApi:28 - Get request is complete
2023-12-21 23:05:14 INFO  Utility:26 - Passed
2023-12-21 23:05:14 INFO  PostRequestApi:27 - Post Request is sent
2023-12-21 23:05:14 INFO  PostRequestApi:32 - Post request is complete
2023-12-21 23:05:15 INFO  PostRequestApi:36 - =======the status code is 400==========
2023-12-21 23:05:15 INFO  GetRequestApi:23 - Get Request is sent
2023-12-21 23:05:15 INFO  GetRequestApi:28 - Get request is complete
2023-12-21 23:05:16 INFO  Utility:26 - Passed
2023-12-21 23:05:16 INFO  Utility:26 - Passed
2023-12-21 23:07:55 INFO  GetRequestApi:23 - Get Request is sent
2023-12-21 23:07:57 INFO  GetRequestApi:28 - Get request is complete
2023-12-21 23:07:58 INFO  Utility:26 - Passed
2023-12-21 23:07:58 INFO  PostRequestApi:27 - Post Request is sent
2023-12-21 23:07:58 INFO  PostRequestApi:32 - Post request is complete
2023-12-21 23:07:59 INFO  PostRequestApi:36 - =======the status code is 400==========
2023-12-21 23:07:59 INFO  GetRequestApi:23 - Get Request is sent
2023-12-21 23:07:59 INFO  GetRequestApi:28 - Get request is complete
2023-12-21 23:07:59 INFO  Utility:26 - Passed
2023-12-21 23:07:59 INFO  Utility:26 - Passed
2023-12-21 23:09:03 INFO  GetRequestApi:23 - Get Request is sent
2023-12-21 23:09:05 INFO  GetRequestApi:28 - Get request is complete
2023-12-21 23:09:06 INFO  Utility:26 - Passed
2023-12-21 23:09:06 INFO  PostRequestApi:27 - Post Request is sent
2023-12-21 23:09:06 INFO  PostRequestApi:32 - Post request is complete
2023-12-21 23:09:07 INFO  PostRequestApi:36 - =======the status code is 400==========
2023-12-21 23:09:07 INFO  GetRequestApi:23 - Get Request is sent
2023-12-21 23:09:07 INFO  GetRequestApi:28 - Get request is complete
2023-12-21 23:09:07 INFO  Utility:26 - Passed
2023-12-21 23:09:07 INFO  Utility:26 - Passed
2023-12-21 23:11:17 INFO  GetRequestApi:23 - Get Request is sent
2023-12-21 23:11:20 INFO  GetRequestApi:28 - Get request is complete
2023-12-21 23:11:20 INFO  Utility:26 - Passed
2023-12-21 23:11:20 INFO  PostRequestApi:27 - Post Request is sent
2023-12-21 23:11:20 INFO  PostRequestApi:32 - Post request is complete
2023-12-21 23:11:21 INFO  PostRequestApi:36 - =======the status code is 400==========
2023-12-21 23:11:21 INFO  GetRequestApi:23 - Get Request is sent
2023-12-21 23:11:22 INFO  GetRequestApi:28 - Get request is complete
2023-12-21 23:11:22 INFO  Utility:26 - Passed
2023-12-21 23:11:22 INFO  Utility:26 - Passed
2023-12-21 23:13:40 INFO  GetRequestApi:23 - Get Request is sent
2023-12-21 23:13:42 INFO  GetRequestApi:28 - Get request is complete
2023-12-21 23:13:42 INFO  Utility:26 - Passed
2023-12-21 23:13:42 INFO  PostRequestApi:27 - Post Request is sent
2023-12-21 23:13:43 INFO  PostRequestApi:32 - Post request is complete
2023-12-21 23:13:43 INFO  PostRequestApi:36 - =======the status code is 400==========
2023-12-21 23:13:43 INFO  GetRequestApi:23 - Get Request is sent
2023-12-21 23:13:44 INFO  GetRequestApi:28 - Get request is complete
2023-12-21 23:13:44 INFO  Utility:26 - Passed
2023-12-21 23:13:44 INFO  Utility:26 - Passed
2023-12-21 23:14:10 INFO  GetRequestApi:23 - Get Request is sent
2023-12-21 23:14:13 INFO  GetRequestApi:28 - Get request is complete
2023-12-21 23:14:13 INFO  Utility:26 - Passed
2023-12-21 23:14:13 INFO  PostRequestApi:27 - Post Request is sent
2023-12-21 23:14:13 INFO  PostRequestApi:32 - Post request is complete
2023-12-21 23:14:14 INFO  PostRequestApi:36 - =======the status code is 400==========
2023-12-21 23:14:14 INFO  Utility:26 - Passed
2023-12-21 23:16:27 INFO  GetRequestApi:23 - Get Request is sent
2023-12-21 23:16:30 INFO  GetRequestApi:28 - Get request is complete
2023-12-21 23:16:30 INFO  Utility:26 - Passed
2023-12-21 23:16:30 INFO  PostRequestApi:27 - Post Request is sent
2023-12-21 23:16:30 INFO  PostRequestApi:32 - Post request is complete
2023-12-21 23:16:31 INFO  PostRequestApi:36 - =======the status code is 400==========
2023-12-21 23:16:31 INFO  Utility:26 - Passed
2023-12-21 23:17:13 INFO  GetRequestApi:23 - Get Request is sent
2023-12-21 23:17:16 INFO  GetRequestApi:28 - Get request is complete
2023-12-21 23:17:16 INFO  Utility:26 - Passed
2023-12-21 23:17:16 INFO  PostRequestApi:27 - Post Request is sent
2023-12-21 23:17:16 INFO  PostRequestApi:32 - Post request is complete
2023-12-21 23:17:17 INFO  PostRequestApi:36 - =======the status code is 400==========
2023-12-21 23:17:17 INFO  Utility:26 - Passed
2023-12-22 15:51:51 INFO  GetRequestApi:23 - Get Request is sent
2023-12-22 15:51:54 INFO  GetRequestApi:28 - Get request is complete
2023-12-22 15:51:55 INFO  Utility:26 - Passed
2023-12-22 15:51:55 INFO  PostRequestApi:27 - Post Request is sent
2023-12-22 15:51:57 INFO  PostRequestApi:32 - Post request is complete
2023-12-22 15:51:57 INFO  PostRequestApi:36 - =======the status code is 400==========
2023-12-22 15:51:58 INFO  Utility:26 - Passed
2023-12-22 15:51:58 INFO  AllRequestsApi:71 - *****Printed*****
2023-12-22 19:13:03 INFO  GetRequestApi:23 - Get Request is sent
2023-12-22 19:13:09 INFO  GetRequestApi:28 - Get request is complete
2023-12-22 19:13:11 INFO  Utility:26 - Passed
2023-12-22 19:13:11 INFO  PostRequestApi:27 - Post Request is sent
2023-12-22 19:13:12 INFO  PostRequestApi:32 - Post request is complete
2023-12-22 19:13:13 INFO  PostRequestApi:36 - =======the status code is 400==========
2023-12-22 19:13:13 INFO  Utility:26 - Passed
2023-12-22 19:13:13 INFO  AllRequestsApi:71 - *****Printed*****
2023-12-22 19:57:49 INFO  GetRequestApi:23 - Get Request is sent
2023-12-22 20:01:34 INFO  GetRequestApi:23 - Get Request is sent
2023-12-22 20:02:36 INFO  GetRequestApi:23 - Get Request is sent
2023-12-22 20:03:18 INFO  GetRequestApi:23 - Get Request is sent
2023-12-22 20:08:55 INFO  BaseApi:27 - Get request is passed
2023-12-22 20:15:54 INFO  BaseApi:32 - Get request is passed
2023-12-22 20:15:57 INFO  PostRequestApi:27 - Post Request is sent
2023-12-22 20:31:56 INFO  PostRequestApi:28 - Post Request is sent
2023-12-22 20:41:30 INFO  PostRequestApi:28 - Post Request is sent
2023-12-22 20:41:31 INFO  PostRequestApi:33 - Post request is complete
2023-12-22 20:43:33 INFO  PostRequestApi:28 - Post Request is sent
2023-12-22 20:43:35 INFO  PostRequestApi:33 - Post request is complete
2023-12-22 20:50:13 INFO  PostRequestApi:28 - Post Request is sent
2023-12-22 20:50:15 INFO  PostRequestApi:33 - Post request is complete
2023-12-22 20:50:50 INFO  PostRequestApi:28 - Post Request is sent
2023-12-22 20:50:52 INFO  PostRequestApi:33 - Post request is complete
2023-12-22 20:53:45 INFO  PostRequestApi:28 - Post Request is sent
2023-12-22 20:53:46 INFO  PostRequestApi:33 - Post request is complete
2023-12-22 21:03:08 INFO  GetRequestApi:23 - Get Request is sent
2023-12-22 21:05:00 INFO  GetRequestApi:23 - Get Request is sent
2023-12-22 21:16:03 INFO  PostRequestApi:27 - Post Request is sent
2023-12-22 21:17:55 INFO  PostRequestApi:27 - Post Request is sent
2023-12-22 21:22:59 INFO  PostRequestApi:27 - Post Request is sent
2023-12-22 21:24:14 INFO  PostRequestApi:27 - Post Request is sent
2023-12-22 21:24:16 INFO  PostRequestApi:29 - Post request is complete
2023-12-22 21:24:17 INFO  PostRequestApi:33 - =======the status code is 400==========
2023-12-22 21:28:17 INFO  PostRequestApi:27 - Post Request is sent
2023-12-22 21:28:18 INFO  PostRequestApi:29 - Post request is complete
2023-12-22 21:28:19 INFO  PostRequestApi:33 - =======the status code is 201==========
2023-12-22 21:29:43 INFO  PostRequestApi:27 - Post Request is sent
2023-12-22 21:29:46 INFO  PostRequestApi:29 - Post request is complete
2023-12-22 21:29:47 INFO  PostRequestApi:33 - =======the status code is 201==========
2023-12-22 21:37:22 INFO  PostRequestApi:27 - Post Request is sent
2023-12-22 21:37:24 INFO  PostRequestApi:29 - Post request is complete
2023-12-22 21:37:25 INFO  PostRequestApi:33 - =======the status code is 201==========
2023-12-22 21:37:25 INFO  GetRequestApi:23 - Get Request is sent
2023-12-22 22:29:01 INFO  BaseApi:69 - Get request is passed
2023-12-22 22:29:03 INFO  BaseApi:25 - ****** sending get request line 26 *****
2023-12-22 22:29:03 INFO  PostRequestApi:27 - Post Request is sent
2023-12-22 22:29:04 INFO  PostRequestApi:29 - Post request is complete
2023-12-22 22:29:05 INFO  PostRequestApi:33 - =======the status code is 201==========
2023-12-22 22:29:05 INFO  BaseApi:33 - ****** sending post request line 31 *****
2023-12-22 22:29:05 INFO  BaseApi:69 - Get request is passed
2023-12-22 22:29:05 INFO  BaseApi:38 - ****** sending 2nd get request line 37 *****
2023-12-22 22:29:06 INFO  BaseApi:43 - ****** sending patch request line 42 *****
2023-12-22 22:29:06 INFO  BaseApi:69 - Get request is passed
2023-12-22 22:29:06 INFO  BaseApi:48 - ****** sending 3rd get request line 47 *****
2023-12-22 22:29:07 INFO  BaseApi:53 - ****** sending delete request line 52 *****
2023-12-22 22:29:07 INFO  BaseApi:69 - Get request is passed
2023-12-22 22:29:08 INFO  BaseApi:58 - ****** sending final get request line 57 *****
2023-12-22 22:32:30 INFO  BaseApi:70 - Get request is passed
2023-12-22 22:32:33 INFO  BaseApi:26 - ****** sending get request line 26 *****
2023-12-22 22:32:33 INFO  PostRequestApi:27 - Post Request is sent
2023-12-22 22:32:33 INFO  PostRequestApi:29 - Post request is complete
2023-12-22 22:32:34 INFO  PostRequestApi:33 - =======the status code is 201==========
2023-12-22 22:32:34 INFO  BaseApi:34 - ****** sending post request line 31 *****
2023-12-22 22:32:34 INFO  BaseApi:70 - Get request is passed
2023-12-22 22:32:34 INFO  BaseApi:39 - ****** sending 2nd get request line 37 *****
2023-12-22 22:32:35 INFO  BaseApi:44 - ****** sending patch request line 42 *****
2023-12-22 22:32:35 INFO  BaseApi:70 - Get request is passed
2023-12-22 22:32:36 INFO  BaseApi:49 - ****** sending 3rd get request line 47 *****
2023-12-22 22:32:36 INFO  BaseApi:54 - ****** sending delete request line 52 *****
2023-12-22 22:32:36 INFO  BaseApi:70 - Get request is passed
2023-12-22 22:32:36 INFO  BaseApi:59 - ****** sending final get request line 57 *****
2023-12-22 22:35:58 INFO  BaseApi:70 - Get request is passed
2023-12-22 22:35:59 INFO  BaseApi:26 - ****** sending get request line 26 *****
2023-12-22 22:35:59 INFO  PostRequestApi:27 - Post Request is sent
2023-12-22 22:36:00 INFO  PostRequestApi:29 - Post request is complete
2023-12-22 22:36:01 INFO  PostRequestApi:33 - =======the status code is 201==========
2023-12-22 22:36:01 INFO  BaseApi:34 - ****** sending post request line 31 *****
2023-12-22 22:36:01 INFO  BaseApi:70 - Get request is passed
2023-12-22 22:36:01 INFO  BaseApi:39 - ****** sending 2nd get request line 37 *****
2023-12-22 22:36:01 INFO  BaseApi:44 - ****** sending patch request line 42 *****
2023-12-22 22:36:01 INFO  BaseApi:70 - Get request is passed
2023-12-22 22:36:02 INFO  BaseApi:49 - ****** sending 3rd get request line 47 *****
2023-12-22 22:36:02 INFO  BaseApi:54 - ****** sending delete request line 52 *****
2023-12-22 22:36:02 INFO  BaseApi:70 - Get request is passed
2023-12-22 22:36:02 INFO  BaseApi:59 - ****** sending final get request line 57 *****
2023-12-22 22:39:38 INFO  BaseApi:70 - Get request is passed
2023-12-22 22:39:41 INFO  BaseApi:26 - ****** sending get request line 26 *****
2023-12-22 22:39:41 INFO  PostRequestApi:27 - Post Request is sent
2023-12-22 22:39:41 INFO  PostRequestApi:29 - Post request is complete
2023-12-22 22:39:42 INFO  PostRequestApi:33 - =======the status code is 201==========
2023-12-22 22:39:42 INFO  BaseApi:34 - ****** sending post request line 31 *****
2023-12-22 22:39:42 INFO  BaseApi:70 - Get request is passed
2023-12-22 22:39:43 INFO  BaseApi:39 - ****** sending 2nd get request line 37 *****
2023-12-22 22:39:43 INFO  BaseApi:44 - ****** sending patch request line 42 *****
2023-12-22 22:39:43 INFO  BaseApi:70 - Get request is passed
2023-12-22 22:39:43 INFO  BaseApi:49 - ****** sending 3rd get request line 47 *****
2023-12-22 22:39:45 INFO  BaseApi:54 - ****** sending delete request line 52 *****
2023-12-22 22:39:45 INFO  BaseApi:70 - Get request is passed
2023-12-22 22:39:46 INFO  BaseApi:59 - ****** sending final get request line 57 *****
2023-12-22 22:43:03 INFO  PostRequestApi:27 - Post Request is sent
2023-12-22 22:43:05 INFO  PostRequestApi:29 - Post request is complete
2023-12-22 22:43:06 INFO  PostRequestApi:33 - =======the status code is 201==========
2023-12-22 22:43:06 INFO  BaseApi:34 - ****** sending post request line 31 *****
2023-12-22 22:43:07 INFO  BaseApi:44 - ****** sending patch request line 42 *****
2023-12-22 22:43:08 INFO  BaseApi:54 - ****** sending delete request line 52 *****
2023-12-22 22:43:08 INFO  BaseApi:70 - Get request is passed
2023-12-22 22:43:08 INFO  BaseApi:59 - ****** sending final get request line 57 *****
2023-12-22 22:46:39 INFO  BaseApi:70 - Get request is passed
2023-12-22 22:46:41 INFO  BaseApi:26 - ****** sending get request line 26 *****
2023-12-22 22:46:41 INFO  PostRequestApi:27 - Post Request is sent
2023-12-22 22:46:42 INFO  PostRequestApi:29 - Post request is complete
2023-12-22 22:46:42 INFO  PostRequestApi:33 - =======the status code is 201==========
2023-12-22 22:46:43 INFO  BaseApi:34 - ****** sending post request line 31 *****
2023-12-22 22:46:43 INFO  BaseApi:70 - Get request is passed
2023-12-22 22:46:43 INFO  BaseApi:39 - ****** sending 2nd get request line 37 *****
2023-12-22 22:46:44 INFO  BaseApi:44 - ****** sending patch request line 42 *****
2023-12-22 22:46:44 INFO  BaseApi:70 - Get request is passed
2023-12-22 22:46:44 INFO  BaseApi:49 - ****** sending 3rd get request line 47 *****
2023-12-22 22:46:44 INFO  BaseApi:54 - ****** sending delete request line 52 *****
2023-12-22 22:46:44 INFO  BaseApi:70 - Get request is passed
2023-12-22 22:46:44 INFO  BaseApi:59 - ****** sending final get request line 57 *****
2023-12-22 22:48:15 INFO  PostRequestApi:27 - Post Request is sent
2023-12-22 22:48:17 INFO  PostRequestApi:29 - Post request is complete
2023-12-22 22:48:18 INFO  PostRequestApi:33 - =======the status code is 201==========
2023-12-22 22:48:18 INFO  BaseApi:34 - ****** sending post request line 31 *****
2023-12-22 22:48:18 INFO  BaseApi:70 - Get request is passed
2023-12-22 22:48:19 INFO  BaseApi:39 - ****** sending 2nd get request line 37 *****
2023-12-22 22:48:20 INFO  BaseApi:44 - ****** sending patch request line 42 *****
2023-12-22 22:48:20 INFO  BaseApi:70 - Get request is passed
2023-12-22 22:48:20 INFO  BaseApi:49 - ****** sending 3rd get request line 47 *****
2023-12-22 22:48:21 INFO  BaseApi:54 - ****** sending delete request line 52 *****
2023-12-22 22:48:21 INFO  BaseApi:70 - Get request is passed
2023-12-22 22:48:21 INFO  BaseApi:59 - ****** sending final get request line 57 *****
2023-12-22 22:50:34 INFO  PostRequestApi:27 - Post Request is sent
2023-12-22 22:50:36 INFO  PostRequestApi:29 - Post request is complete
2023-12-22 22:50:37 INFO  PostRequestApi:33 - =======the status code is 201==========
2023-12-22 22:50:37 INFO  BaseApi:34 - ****** sending post request line 31 *****
2023-12-22 22:50:37 INFO  BaseApi:70 - Get request is passed
2023-12-22 22:50:37 INFO  BaseApi:39 - ****** sending 2nd get request line 37 *****
2023-12-22 22:50:38 INFO  BaseApi:44 - ****** sending patch request line 42 *****
2023-12-22 22:50:38 INFO  BaseApi:70 - Get request is passed
2023-12-22 22:50:38 INFO  BaseApi:49 - ****** sending 3rd get request line 47 *****
2023-12-22 22:50:38 INFO  BaseApi:54 - ****** sending delete request line 52 *****
2023-12-22 22:50:38 INFO  BaseApi:70 - Get request is passed
2023-12-22 22:50:39 INFO  BaseApi:59 - ****** sending final get request line 57 *****
2023-12-22 22:51:06 INFO  PostRequestApi:27 - Post Request is sent
2023-12-22 22:51:08 INFO  PostRequestApi:29 - Post request is complete
2023-12-22 22:51:09 INFO  PostRequestApi:33 - =======the status code is 201==========
2023-12-22 22:51:09 INFO  BaseApi:34 - ****** sending post request line 31 *****
2023-12-22 22:51:09 INFO  BaseApi:70 - Get request is passed
2023-12-22 22:51:10 INFO  BaseApi:39 - ****** sending 2nd get request line 37 *****
2023-12-22 22:51:10 INFO  BaseApi:44 - ****** sending patch request line 42 *****
2023-12-22 22:51:10 INFO  BaseApi:70 - Get request is passed
2023-12-22 22:51:10 INFO  BaseApi:49 - ****** sending 3rd get request line 47 *****
2023-12-22 22:51:10 INFO  BaseApi:54 - ****** sending delete request line 52 *****
2023-12-22 22:51:10 INFO  BaseApi:70 - Get request is passed
2023-12-22 22:51:11 INFO  BaseApi:59 - ****** sending final get request line 57 *****
2023-12-22 23:04:18 INFO  PostRequestApi:27 - Post Request is sent
2023-12-22 23:04:20 INFO  PostRequestApi:29 - Post request is complete
2023-12-22 23:04:21 INFO  PostRequestApi:33 - =======the status code is 201==========
2023-12-22 23:04:21 INFO  BaseApi:65 - Get request is passed
2023-12-22 23:04:22 INFO  BaseApi:65 - Get request is passed
2023-12-22 23:04:23 INFO  BaseApi:65 - Get request is passed
2023-12-22 23:04:24 INFO  BaseApi:65 - Get request is passed
2023-12-22 23:05:09 INFO  PostRequestApi:27 - Post Request is sent
2023-12-22 23:05:11 INFO  PostRequestApi:29 - Post request is complete
2023-12-22 23:05:12 INFO  PostRequestApi:33 - =======the status code is 201==========
2023-12-22 23:05:12 INFO  BaseApi:65 - Get request is passed
2023-12-22 23:05:13 INFO  BaseApi:65 - Get request is passed
2023-12-22 23:05:14 INFO  BaseApi:65 - Get request is passed
2023-12-22 23:05:14 INFO  BaseApi:65 - Get request is passed
2023-12-22 23:11:38 INFO  BaseApi:71 - Get request is passed
2023-12-22 23:11:40 INFO  PostRequestApi:27 - Post Request is sent
2023-12-22 23:11:41 INFO  PostRequestApi:29 - Post request is complete
2023-12-22 23:11:41 INFO  PostRequestApi:33 - =======the status code is 201==========
2023-12-22 23:11:41 INFO  BaseApi:71 - Get request is passed
2023-12-22 23:11:43 INFO  BaseApi:71 - Get request is passed
2023-12-22 23:11:45 INFO  BaseApi:71 - Get request is passed
2023-12-22 23:12:25 INFO  BaseApi:71 - Get request is passed
2023-12-22 23:12:27 INFO  PostRequestApi:27 - Post Request is sent
2023-12-22 23:12:27 INFO  PostRequestApi:29 - Post request is complete
2023-12-22 23:12:28 INFO  PostRequestApi:33 - =======the status code is 201==========
2023-12-22 23:12:28 INFO  BaseApi:71 - Get request is passed
2023-12-22 23:12:29 INFO  BaseApi:71 - Get request is passed
2023-12-22 23:12:30 INFO  BaseApi:71 - Get request is passed
2023-12-22 23:38:26 INFO  BaseApi:61 - Get request is passed
2023-12-22 23:38:28 INFO  PostRequestApi:27 - Post Request is sent
2023-12-22 23:38:28 INFO  PostRequestApi:29 - Post request is complete
2023-12-22 23:38:29 INFO  PostRequestApi:33 - =======the status code is 201==========
2023-12-22 23:38:29 INFO  BaseApi:61 - Get request is passed
2023-12-22 23:38:30 INFO  BaseApi:61 - Get request is passed
2023-12-22 23:38:31 INFO  BaseApi:61 - Get request is passed
2023-12-22 23:38:56 INFO  PostRequestApi:27 - Post Request is sent
2023-12-22 23:38:58 INFO  PostRequestApi:29 - Post request is complete
2023-12-22 23:38:59 INFO  PostRequestApi:33 - =======the status code is 201==========
2023-12-22 23:38:59 INFO  BaseApi:61 - Get request is passed
2023-12-22 23:39:00 INFO  BaseApi:61 - Get request is passed
2023-12-22 23:39:01 INFO  BaseApi:61 - Get request is passed
2023-12-22 23:39:29 INFO  PostRequestApi:27 - Post Request is sent
2023-12-22 23:39:30 INFO  PostRequestApi:29 - Post request is complete
2023-12-22 23:39:31 INFO  PostRequestApi:33 - =======the status code is 201==========
2023-12-22 23:39:31 INFO  BaseApi:61 - Get request is passed
2023-12-22 23:39:32 INFO  BaseApi:61 - Get request is passed
2023-12-22 23:39:34 INFO  BaseApi:61 - Get request is passed
2023-12-23 00:04:48 INFO  PostRequestApi:27 - Post Request is sent
2023-12-23 00:04:50 INFO  PostRequestApi:29 - Post request is complete
2023-12-23 00:04:51 INFO  PostRequestApi:33 - =======the status code is 201==========
2023-12-23 00:04:51 INFO  GetRequestApi:23 - Get Request is sent
2023-12-23 00:12:30 INFO  PostRequestApi:27 - Post Request is sent
2023-12-23 00:19:10 INFO  GetRequestApi:23 - Get Request is sent
2023-12-23 00:20:42 INFO  PostRequestApi:27 - Post Request is sent
2023-12-23 00:20:44 INFO  PostRequestApi:29 - Post request is complete
2023-12-23 00:20:46 INFO  PostRequestApi:33 - =======the status code is 201==========
2023-12-23 00:20:46 INFO  BaseApi:61 - Get request is passed
2023-12-23 00:20:46 INFO  BaseApi:61 - Get request is passed
2023-12-23 00:20:47 INFO  BaseApi:61 - Get request is passed
2023-12-23 00:21:31 INFO  GetRequestApi:23 - Get Request is sent
2023-12-23 00:23:28 INFO  GetRequestApi:23 - Get Request is sent
2023-12-23 00:26:39 INFO  GetRequestApi:23 - Get Request is sent
2023-12-23 13:40:49 INFO  GetRequestApi:23 - Get Request is sent
2023-12-23 13:44:17 INFO  GetRequestApi:23 - Get Request is sent
2023-12-23 13:45:06 INFO  GetRequestApi:23 - Get Request is sent
2023-12-23 13:48:01 INFO  GetRequestApi:23 - Get Request is sent
2023-12-23 14:34:07 INFO  BaseApi:60 - Get request is passed
2023-12-23 14:34:11 INFO  BaseApi:60 - Get request is passed
2023-12-23 14:35:41 INFO  BaseApi:60 - Get request is passed
2023-12-23 14:35:45 INFO  BaseApi:60 - Get request is passed
2023-12-23 14:39:27 INFO  BaseApi:60 - Get request is passed
2023-12-23 14:39:30 INFO  BaseApi:60 - Get request is passed
2023-12-23 14:43:08 INFO  BaseApi:60 - Get request is passed
2023-12-23 14:43:12 INFO  BaseApi:60 - Get request is passed
2023-12-23 14:43:50 INFO  BaseApi:60 - Get request is passed
2023-12-23 14:43:54 INFO  BaseApi:60 - Get request is passed
2023-12-23 14:45:01 INFO  BaseApi:60 - Get request is passed
2023-12-23 14:45:05 INFO  BaseApi:60 - Get request is passed
2023-12-23 14:48:17 INFO  BaseApi:60 - Get request is passed
2023-12-23 14:48:22 INFO  BaseApi:60 - Get request is passed
2023-12-23 14:57:36 INFO  BaseApi:60 - Get request is passed
2023-12-23 14:57:40 INFO  BaseApi:60 - Get request is passed
2023-12-23 14:58:47 INFO  BaseApi:60 - Get request is passed
2023-12-23 14:58:51 INFO  BaseApi:60 - Get request is passed
2023-12-23 15:01:27 INFO  BaseApi:60 - Get request is passed
2023-12-23 15:01:31 INFO  BaseApi:60 - Get request is passed
2023-12-23 15:15:35 INFO  BaseApi:60 - Get request is passed
2023-12-23 15:15:39 INFO  BaseApi:60 - Get request is passed
2023-12-23 15:35:29 INFO  BaseApi:60 - Get request is passed
2023-12-23 15:35:33 INFO  BaseApi:60 - Get request is passed
